<?xml version="1.0" encoding="UTF-8"?>
<!-- Generated by org.testng.reporters.JUnitReportReporter -->
<testsuite skipped="0" hostname="ip-172-31-77-135" name="hello.test" tests="1" failures="0" timestamp="13 Jun 2020 02:18:56 GMT" time="2.601" errors="0">
  <testcase name="hello" time="2.601" classname="hello.test"/>
</testsuite> <!-- hello.test -->
